<?xml version="1.0" encoding="UTF-8"?>
<!-- Generated by org.testng.reporters.JUnitXMLReporter -->
<testsuite hostname="LTUS140504" failures="0" tests="11" name="Default test" time="37.008" errors="0" timestamp="22 Mar 2021 16:21:40 GMT">
  <testcase classname="seleniumgenc.SeleniumPracticeTekstacShopifyTests" name="apachePOITest" time="0.956"/>
  <testcase classname="seleniumgenc.SeleniumPracticeTekstacShopifyTests" name="errorForNoFieldsAndSubmit" time="0.749"/>
  <testcase classname="seleniumgenc.SeleniumPracticeTekstacShopifyTests" name="errorForNoFieldsAndSubmit" time="0.523"/>
  <testcase classname="seleniumgenc.SeleniumPracticeTekstacShopifyTests" name="errorForNoFieldsAndSubmit" time="0.507"/>
  <testcase classname="seleniumgenc.SeleniumPracticeTekstacShopifyTests" name="errorForNoFieldsAndSubmit" time="0.533"/>
  <testcase classname="seleniumgenc.SeleniumPracticeTekstacShopifyTests" name="errorForNoFieldsAndSubmit" time="0.491"/>
  <testcase classname="seleniumgenc.SeleniumPracticeTekstacShopifyTests" name="errorForNoFieldsAndSubmit" time="0.5"/>
  <testcase classname="seleniumgenc.SeleniumPracticeTekstacShopifyTests" name="fillOutFormAndSubmitTableCheck" time="0.598"/>
  <testcase classname="seleniumgenc.SeleniumPracticeTekstacShopifyTests" name="fillOutFormAndSubmitTableCheck" time="0.56"/>
  <testcase classname="seleniumgenc.SeleniumPracticeTekstacShopifyTests" name="shopifyRegisterFormContainsAllFields" time="0.327"/>
  <testcase classname="seleniumgenc.SeleniumPracticeTekstacShopifyTests" name="shopifyRegisterFormFieldsEnabled" time="0.256"/>
</testsuite> <!-- Default test -->
